Turbo Assembler	 Version 4.1	    03/17/26 13:36:49	    Page 1
hack.asm



      1	0000			     .model tiny
      2	0000			     .code
      3				     org 100h
      4
      5	      =B800		     VIDEOSEG	  equ 0b800h
      6	      =0082		     INP_ADDR	  equ 82h
      7	      =0080		     INP_LEN_ADDR equ 80h
      8
      9
     10	0100			     Start:
     11	0100  50 55 8B EC C7 46	02+	 push VIDEOSEG
     12	      B800 5D
     13	010A  07			 pop es
     14
     15	010B  E8 000B			 call HashFunc
     16	010E  B4 70			 mov ah, 70h
     17	0110  26: A3 0000		 mov es:[00], ax
     18
     19	0114  B8 4C00			 mov ax, 4c00h
     20	0117  CD 21			 int 21h
     21
     22				     ;_____________________________________________________;
     23				     ;__HASHFUNC__
     24				     ;Gets the string from the input and returns its value
     25				     ;Entry:
     26				     ;Exit: AX
     27				     ;Destr: BX, CX, DX, DI
     28				     ;_____________________________________________________;
     29	0119			     HashFunc	 proc
     30	0119  8A 0E 0080		 mov cl, ds:[INP_LEN_ADDR]
     31	011D  FE C9			 dec cl			 ;cx = len(input)
     32
     33	011F			     looper:
     34	011F  8B F9			 mov di, cx
     35	0121  8B 9D 0082		 mov bx, ds:[INP_ADDR +	di]
     36
     37	0125  50			 push ax
     38	0126  8B C3			 mov ax, bx
     39	0128  F7 E3			 mul bx
     40	012A  8B D8			 mov bx, ax
     41	012C  58			 pop ax
     42
     43	012D  03 C3			 add ax, bx
     44
     45	012F  BA 0100			 mov dx, 100h
     46	0132  F7 F2			 div dx
     47	0134  8B C2			 mov ax, dx		 ;ax +=	bx^2 (mod 100h)
     48
     49	0136  E2 E7			 loop looper
     50
     51	0138  C3			 ret
     52	0139				 endp
     53
     54	0139  03F4*(00)		     password db 1012 dup(0)
     55
     56				     end     Start
Turbo Assembler	 Version 4.1	    03/17/26 13:36:49	    Page 2
Symbol Table




Symbol Name			  Type	 Value

??DATE				  Text	 "03/17/26"
??FILENAME			  Text	 "hack	  "
??TIME				  Text	 "13:36:49"
??VERSION			  Number 040A
@32BIT				  Text	 0
@CODE				  Text	 DGROUP
@CODESIZE			  Text	 0
@CPU				  Text	 0101H
@CURSEG				  Text	 _TEXT
@DATA				  Text	 DGROUP
@DATASIZE			  Text	 0
@FILENAME			  Text	 HACK
@INTERFACE			  Text	 000H
@MODEL				  Text	 1
@STACK				  Text	 DGROUP
@WORDSIZE			  Text	 2
HASHFUNC			  Near	 DGROUP:0119
INP_ADDR			  Number 0082
INP_LEN_ADDR			  Number 0080
LOOPER				  Near	 DGROUP:011F
PASSWORD			  Byte	 DGROUP:0139
START				  Near	 DGROUP:0100
VIDEOSEG			  Number B800

Groups & Segments		  Bit Size Align  Combine Class

DGROUP				  Group
  _DATA				  16  0000 Word	  Public  DATA
  _TEXT				  16  052D Word	  Public  CODE
